<?xml version="1.0" encoding="UTF-8"?>
<testng-results skipped="0" failed="0" ignored="0" total="2" passed="2">
  <reporter-output>
  </reporter-output>
  <suite name="Default suite" duration-ms="38227" started-at="2018-07-28T03:33:52Z" finished-at="2018-07-28T03:34:30Z">
    <groups>
    </groups>
    <test name="Default test" duration-ms="38227" started-at="2018-07-28T03:33:52Z" finished-at="2018-07-28T03:34:30Z">
      <class name="com.selenium.pageObject.test.TestLogin">
        <test-method status="PASS" signature="beforeSuite()[pri:0, instance:com.selenium.pageObject.test.TestLogin@462d5aee]" name="beforeSuite" is-config="true" duration-ms="765" started-at="2018-07-28T03:33:51Z" finished-at="2018-07-28T03:33:52Z">
          <reporter-output>
          </reporter-output>
        </test-method> <!-- beforeSuite -->
        <test-method status="PASS" signature="beforeMethod()[pri:0, instance:com.selenium.pageObject.test.TestLogin@462d5aee]" name="beforeMethod" is-config="true" duration-ms="8914" started-at="2018-07-28T03:33:56Z" finished-at="2018-07-28T03:34:05Z">
          <reporter-output>
          </reporter-output>
        </test-method> <!-- beforeMethod -->
        <test-method status="PASS" signature="test(java.lang.String, java.lang.String, java.lang.String)[pri:0, instance:com.selenium.pageObject.test.TestLogin@462d5aee]" name="test" duration-ms="8948" started-at="2018-07-28T03:34:05Z" data-provider="loginData" finished-at="2018-07-28T03:34:14Z">
          <params>
            <param index="0">
              <value>
                <![CDATA[zhangsan]]>
              </value>
            </param>
            <param index="1">
              <value>
                <![CDATA[a12345678]]>
              </value>
            </param>
            <param index="2">
              <value>
                <![CDATA[登录成功]]>
              </value>
            </param>
          </params>
          <reporter-output>
          </reporter-output>
        </test-method> <!-- test -->
        <test-method status="PASS" signature="afterMethod()[pri:0, instance:com.selenium.pageObject.test.TestLogin@462d5aee]" name="afterMethod" is-config="true" duration-ms="920" started-at="2018-07-28T03:34:14Z" finished-at="2018-07-28T03:34:15Z">
          <reporter-output>
          </reporter-output>
        </test-method> <!-- afterMethod -->
        <test-method status="PASS" signature="beforeMethod()[pri:0, instance:com.selenium.pageObject.test.TestLogin@462d5aee]" name="beforeMethod" is-config="true" duration-ms="6486" started-at="2018-07-28T03:34:15Z" finished-at="2018-07-28T03:34:21Z">
          <reporter-output>
          </reporter-output>
        </test-method> <!-- beforeMethod -->
        <test-method status="PASS" signature="test(java.lang.String, java.lang.String, java.lang.String)[pri:0, instance:com.selenium.pageObject.test.TestLogin@462d5aee]" name="test" duration-ms="7997" started-at="2018-07-28T03:34:21Z" data-provider="loginData" finished-at="2018-07-28T03:34:29Z">
          <params>
            <param index="0">
              <value>
                <![CDATA[lisi]]>
              </value>
            </param>
            <param index="1">
              <value>
                <![CDATA[a12345678]]>
              </value>
            </param>
            <param index="2">
              <value>
                <![CDATA[用户名或密码错误]]>
              </value>
            </param>
          </params>
          <reporter-output>
          </reporter-output>
        </test-method> <!-- test -->
        <test-method status="PASS" signature="afterMethod()[pri:0, instance:com.selenium.pageObject.test.TestLogin@462d5aee]" name="afterMethod" is-config="true" duration-ms="1270" started-at="2018-07-28T03:34:29Z" finished-at="2018-07-28T03:34:30Z">
          <reporter-output>
          </reporter-output>
        </test-method> <!-- afterMethod -->
        <test-method status="PASS" signature="afterSuite()[pri:0, instance:com.selenium.pageObject.test.TestLogin@462d5aee]" name="afterSuite" is-config="true" duration-ms="91" started-at="2018-07-28T03:34:31Z" finished-at="2018-07-28T03:34:31Z">
          <reporter-output>
          </reporter-output>
        </test-method> <!-- afterSuite -->
      </class> <!-- com.selenium.pageObject.test.TestLogin -->
    </test> <!-- Default test -->
  </suite> <!-- Default suite -->
</testng-results>
